2021-12-03 19:38:30 - ERROR - InvalidSecretKey in 0 on line 0
2021-12-03 19:38:30 - ERROR - "GET / HTTP/1.1" 500 977274
2021-12-03 19:38:56 - INFO - "GET / HTTP/1.1" 200 1219
2021-12-03 19:38:56 - INFO - "GET /static/style.css HTTP/1.1" 200 648
2021-12-03 19:38:56 - INFO - "GET /favicon.ico HTTP/1.1" 200 1739
2021-12-03 19:41:24 - WARNING - Python-dotenv could not parse statement starting at line 19
2021-12-03 19:41:24 - WARNING - Python-dotenv could not parse statement starting at line 21
2021-12-03 19:41:24 - WARNING - Python-dotenv could not parse statement starting at line 22
2021-12-03 19:41:24 - WARNING - Python-dotenv could not parse statement starting at line 23
2021-12-03 19:41:24 - WARNING - Python-dotenv could not parse statement starting at line 24
2021-12-03 19:41:24 - WARNING - Python-dotenv could not parse statement starting at line 25
2021-12-03 19:41:24 - WARNING - Python-dotenv could not parse statement starting at line 26
2021-12-03 19:45:16 - WARNING - Python-dotenv could not parse statement starting at line 19
2021-12-03 19:45:16 - WARNING - Python-dotenv could not parse statement starting at line 21
2021-12-03 19:45:16 - WARNING - Python-dotenv could not parse statement starting at line 22
2021-12-03 19:45:16 - WARNING - Python-dotenv could not parse statement starting at line 23
2021-12-03 19:45:16 - WARNING - Python-dotenv could not parse statement starting at line 24
2021-12-03 19:45:16 - WARNING - Python-dotenv could not parse statement starting at line 25
2021-12-03 19:45:16 - WARNING - Python-dotenv could not parse statement starting at line 26
2021-12-03 19:56:10 - WARNING - Python-dotenv could not parse statement starting at line 19
2021-12-03 19:56:10 - WARNING - Python-dotenv could not parse statement starting at line 21
2021-12-03 19:56:10 - WARNING - Python-dotenv could not parse statement starting at line 22
2021-12-03 19:56:10 - WARNING - Python-dotenv could not parse statement starting at line 23
2021-12-03 19:56:10 - WARNING - Python-dotenv could not parse statement starting at line 24
2021-12-03 19:56:10 - WARNING - Python-dotenv could not parse statement starting at line 25
2021-12-03 19:56:10 - WARNING - Python-dotenv could not parse statement starting at line 26
2021-12-03 19:56:10 - INFO - "GET /blog HTTP/1.1" 200 562
2021-12-03 19:56:28 - ERROR - AttributeError in D:\development\seir_penguin\masonite_blog\backend\app\http\controllers\BlogController.py on line 19
2021-12-03 19:56:28 - ERROR - "GET /blog/3 HTTP/1.1" 500 1051009
2021-12-03 19:57:09 - ERROR - AttributeError in 0 on line 0
2021-12-03 19:57:09 - ERROR - "GET /blog/3 HTTP/1.1" 500 1054111
2021-12-03 19:58:24 - WARNING - Python-dotenv could not parse statement starting at line 19
2021-12-03 19:58:24 - WARNING - Python-dotenv could not parse statement starting at line 21
2021-12-03 19:58:24 - WARNING - Python-dotenv could not parse statement starting at line 22
2021-12-03 19:58:24 - WARNING - Python-dotenv could not parse statement starting at line 23
2021-12-03 19:58:24 - WARNING - Python-dotenv could not parse statement starting at line 24
2021-12-03 19:58:24 - WARNING - Python-dotenv could not parse statement starting at line 25
2021-12-03 19:58:24 - WARNING - Python-dotenv could not parse statement starting at line 26
2021-12-03 19:58:24 - INFO - "GET /blog/3 HTTP/1.1" 200 179
2021-12-03 19:58:24 - INFO - "POST /blog HTTP/1.1" 200 134
2021-12-03 19:58:24 - INFO - "PUT /blog/4 HTTP/1.1" 200 135
2021-12-03 19:58:24 - INFO - "DELETE /blog/4 HTTP/1.1" 200 135
2021-12-03 19:58:24 - INFO - "GET /blog HTTP/1.1" 200 562
